2024/06/04 04:26:28 [error] [exception.CDbException] CDbException: CDbConnection failed to open the DB connection: SQLSTATE[08006] [7] could not connect to server: Connection refused (0x0000274D/10061)
	Is the server running on host "localhost" (::1) and accepting
	TCP/IP connections on port 5432?
could not connect to server: Connection refused (0x0000274D/10061)
	Is the server running on host "localhost" (127.0.0.1) and accepting
	TCP/IP connections on port 5432? in C:\xampp\yii\framework\db\CDbConnection.php:399
Stack trace:
#0 C:\xampp\yii\framework\db\CDbConnection.php(347): CDbConnection->open()
#1 C:\xampp\yii\framework\db\CDbConnection.php(325): CDbConnection->setActive(true)
#2 C:\xampp\yii\framework\base\CModule.php(394): CDbConnection->init()
#3 C:\xampp\yii\framework\base\CModule.php(103): CModule->getComponent('db')
#4 C:\xampp\yii\framework\gii\generators\crud\CrudCode.php(44): CModule->__get('db')
#5 C:\xampp\yii\framework\web\CFormModel.php(39): CrudCode->init()
#6 C:\xampp\yii\framework\gii\CCodeGenerator.php(153): CFormModel->__construct()
#7 C:\xampp\yii\framework\gii\CCodeGenerator.php(63): CCodeGenerator->prepare()
#8 C:\xampp\yii\framework\web\actions\CInlineAction.php(49): CCodeGenerator->actionIndex()
#9 C:\xampp\yii\framework\web\CController.php(308): CInlineAction->runWithParams(Array)
#10 C:\xampp\yii\framework\web\CController.php(286): CController->runAction(Object(CInlineAction))
#11 C:\xampp\yii\framework\web\CController.php(265): CController->runActionWithFilters(Object(CInlineAction), Array)
#12 C:\xampp\yii\framework\web\CWebApplication.php(282): CController->run('index')
#13 C:\xampp\yii\framework\web\CWebApplication.php(141): CWebApplication->runController('gii/crud/index')
#14 C:\xampp\yii\framework\base\CApplication.php(185): CWebApplication->processRequest()
#15 C:\xampp\htdocs\sistem-informasi-klinik\index.php(13): CApplication->run()
#16 {main}
REQUEST_URI=/sistem-informasi-klinik/index.php?r=gii/crud/index
HTTP_REFERER=http://localhost/sistem-informasi-klinik/index.php?r=gii/default/index
---
2024/06/04 04:28:44 [error] [exception.CDbException] CDbException: CDbConnection failed to open the DB connection: SQLSTATE[08006] [7] could not connect to server: Connection refused (0x0000274D/10061)
	Is the server running on host "localhost" (::1) and accepting
	TCP/IP connections on port 5432?
could not connect to server: Connection refused (0x0000274D/10061)
	Is the server running on host "localhost" (127.0.0.1) and accepting
	TCP/IP connections on port 5432? in C:\xampp\yii\framework\db\CDbConnection.php:399
Stack trace:
#0 C:\xampp\yii\framework\db\CDbConnection.php(347): CDbConnection->open()
#1 C:\xampp\yii\framework\db\CDbConnection.php(325): CDbConnection->setActive(true)
#2 C:\xampp\yii\framework\base\CModule.php(394): CDbConnection->init()
#3 C:\xampp\yii\framework\base\CModule.php(103): CModule->getComponent('db')
#4 C:\xampp\yii\framework\gii\generators\crud\CrudCode.php(44): CModule->__get('db')
#5 C:\xampp\yii\framework\web\CFormModel.php(39): CrudCode->init()
#6 C:\xampp\yii\framework\gii\CCodeGenerator.php(153): CFormModel->__construct()
#7 C:\xampp\yii\framework\gii\CCodeGenerator.php(63): CCodeGenerator->prepare()
#8 C:\xampp\yii\framework\web\actions\CInlineAction.php(49): CCodeGenerator->actionIndex()
#9 C:\xampp\yii\framework\web\CController.php(308): CInlineAction->runWithParams(Array)
#10 C:\xampp\yii\framework\web\CController.php(286): CController->runAction(Object(CInlineAction))
#11 C:\xampp\yii\framework\web\CController.php(265): CController->runActionWithFilters(Object(CInlineAction), Array)
#12 C:\xampp\yii\framework\web\CWebApplication.php(282): CController->run('index')
#13 C:\xampp\yii\framework\web\CWebApplication.php(141): CWebApplication->runController('gii/crud/index')
#14 C:\xampp\yii\framework\base\CApplication.php(185): CWebApplication->processRequest()
#15 C:\xampp\htdocs\sistem-informasi-klinik\index.php(13): CApplication->run()
#16 {main}
REQUEST_URI=/sistem-informasi-klinik/index.php?r=gii/crud/index
HTTP_REFERER=http://localhost/sistem-informasi-klinik/index.php?r=gii/default/index
---
2024/06/04 12:07:15 [error] [system.db.CDbCommand] CDbCommand::execute() failed: SQLSTATE[42P07]: Duplicate table: 7 ERROR:  relation "provinsi" already exists. The SQL statement executed was: CREATE TABLE "provinsi" (
	"code" serial NOT NULL PRIMARY KEY,
	"parent_code" integer NOT NULL,
	"name" character varying (255) NOT NULL
).
2024/06/04 12:07:15 [error] [exception.CDbException] CDbException: CDbCommand failed to execute the SQL statement: SQLSTATE[42P07]: Duplicate table: 7 ERROR:  relation "provinsi" already exists. The SQL statement executed was: CREATE TABLE "provinsi" (
	"code" serial NOT NULL PRIMARY KEY,
	"parent_code" integer NOT NULL,
	"name" character varying (255) NOT NULL
) in C:\xampp\yii\framework\db\CDbCommand.php:358
Stack trace:
#0 C:\xampp\yii\framework\db\CDbCommand.php(1352): CDbCommand->execute()
#1 C:\xampp\yii\framework\db\CDbMigration.php(250): CDbCommand->createTable('provinsi', Array, NULL)
#2 C:\xampp\htdocs\sistem-informasi-klinik\protected\migrations\m240604_100549_create_existing_tbl_provinsi.php(8): CDbMigration->createTable('provinsi', Array)
#3 C:\xampp\yii\framework\cli\commands\MigrateCommand.php(415): m240604_100549_create_existing_tbl_provinsi->up()
#4 C:\xampp\yii\framework\cli\commands\MigrateCommand.php(109): MigrateCommand->migrateUp('m240604_100549_...')
#5 [internal function]: MigrateCommand->actionUp(Array)
#6 C:\xampp\yii\framework\console\CConsoleCommand.php(177): ReflectionMethod->invokeArgs(Object(MigrateCommand), Array)
#7 C:\xampp\yii\framework\console\CConsoleCommandRunner.php(71): CConsoleCommand->run(Array)
#8 C:\xampp\yii\framework\console\CConsoleApplication.php(92): CConsoleCommandRunner->run(Array)
#9 C:\xampp\yii\framework\base\CApplication.php(185): CConsoleApplication->processRequest()
#10 C:\xampp\yii\framework\yiic.php(33): CApplication->run()
#11 C:\xampp\htdocs\sistem-informasi-klinik\protected\yiic.php(7): require_once('C:\\xampp\\yii\\fr...')
#12 {main}
---
2024/06/04 12:09:07 [error] [exception.CException] CException: m240604_100815_edit_tbl_provinsi and its behaviors do not have a method or closure named "editTable". in C:\xampp\yii\framework\base\CComponent.php:264
Stack trace:
#0 C:\xampp\htdocs\sistem-informasi-klinik\protected\migrations\m240604_100815_edit_tbl_provinsi.php(8): CComponent->__call('editTable', Array)
#1 C:\xampp\yii\framework\cli\commands\MigrateCommand.php(415): m240604_100815_edit_tbl_provinsi->up()
#2 C:\xampp\yii\framework\cli\commands\MigrateCommand.php(109): MigrateCommand->migrateUp('m240604_100815_...')
#3 [internal function]: MigrateCommand->actionUp(Array)
#4 C:\xampp\yii\framework\console\CConsoleCommand.php(177): ReflectionMethod->invokeArgs(Object(MigrateCommand), Array)
#5 C:\xampp\yii\framework\console\CConsoleCommandRunner.php(71): CConsoleCommand->run(Array)
#6 C:\xampp\yii\framework\console\CConsoleApplication.php(92): CConsoleCommandRunner->run(Array)
#7 C:\xampp\yii\framework\base\CApplication.php(185): CConsoleApplication->processRequest()
#8 C:\xampp\yii\framework\yiic.php(33): CApplication->run()
#9 C:\xampp\htdocs\sistem-informasi-klinik\protected\yiic.php(7): require_once('C:\\xampp\\yii\\fr...')
#10 {main}
---
2024/06/04 12:11:14 [error] [system.db.CDbCommand] CDbCommand::execute() failed: SQLSTATE[42P07]: Duplicate table: 7 ERROR:  relation "kota" already exists. The SQL statement executed was: CREATE TABLE "kota" (
	"code" serial NOT NULL PRIMARY KEY,
	"parent_code" integer NOT NULL,
	"name" character varying (255) NOT NULL
).
2024/06/04 12:11:33 [error] [system.db.CDbCommand] CDbCommand::execute() failed: SQLSTATE[42P07]: Duplicate table: 7 ERROR:  relation "provinsi" already exists. The SQL statement executed was: CREATE TABLE "provinsi" (
	"code" serial NOT NULL PRIMARY KEY,
	"parent_code" integer NOT NULL,
	"name" character varying (255) NOT NULL
).
2024/06/05 00:47:24 [error] [exception.CException] CException: The attribute must be specified in the format of "Name:Type:Label", where "Type" and "Label" are optional. in C:\xampp\yii\framework\zii\widgets\CDetailView.php:185
Stack trace:
#0 C:\xampp\yii\framework\web\CBaseController.php(182): CDetailView->run()
#1 C:\xampp\htdocs\sistem-informasi-klinik\protected\views\masterWilayah\view.php(22): CBaseController->widget('zii.widgets.CDe...', Array)
#2 C:\xampp\yii\framework\web\CBaseController.php(126): require('C:\\xampp\\htdocs...')
#3 C:\xampp\yii\framework\web\CBaseController.php(95): CBaseController->renderInternal('C:\\xampp\\htdocs...', Array, true)
#4 C:\xampp\yii\framework\web\CController.php(872): CBaseController->renderFile('C:\\xampp\\htdocs...', Array, true)
#5 C:\xampp\yii\framework\web\CController.php(785): CController->renderPartial('view', Array, true)
#6 C:\xampp\htdocs\sistem-informasi-klinik\protected\controllers\MasterWilayahController.php(55): CController->render('view', Array)
#7 [internal function]: MasterWilayahController->actionView('1')
#8 C:\xampp\yii\framework\web\actions\CAction.php(114): ReflectionMethod->invokeArgs(Object(MasterWilayahController), Array)
#9 C:\xampp\yii\framework\web\actions\CInlineAction.php(47): CAction->runWithParamsInternal(Object(MasterWilayahController), Object(ReflectionMethod), Array)
#10 C:\xampp\yii\framework\web\CController.php(308): CInlineAction->runWithParams(Array)
#11 C:\xampp\yii\framework\web\filters\CFilterChain.php(134): CController->runAction(Object(CInlineAction))
#12 C:\xampp\yii\framework\web\filters\CFilter.php(40): CFilterChain->run()
#13 C:\xampp\yii\framework\web\CController.php(1148): CFilter->filter(Object(CFilterChain))
#14 C:\xampp\yii\framework\web\filters\CInlineFilter.php(58): CController->filterAccessControl(Object(CFilterChain))
#15 C:\xampp\yii\framework\web\filters\CFilterChain.php(131): CInlineFilter->filter(Object(CFilterChain))
#16 C:\xampp\yii\framework\web\CController.php(291): CFilterChain->run()
#17 C:\xampp\yii\framework\web\CController.php(265): CController->runActionWithFilters(Object(CInlineAction), Array)
#18 C:\xampp\yii\framework\web\CWebApplication.php(282): CController->run('view')
#19 C:\xampp\yii\framework\web\CWebApplication.php(141): CWebApplication->runController('masterWilayah/v...')
#20 C:\xampp\yii\framework\base\CApplication.php(185): CWebApplication->processRequest()
#21 C:\xampp\htdocs\sistem-informasi-klinik\index.php(13): CApplication->run()
#22 {main}
REQUEST_URI=/sistem-informasi-klinik/index.php?r=masterWilayah/view&id=1
HTTP_REFERER=http://localhost/sistem-informasi-klinik/index.php?r=masterWilayah/admin
---
2024/06/05 01:08:25 [error] [exception.CHttpException.403] CHttpException: You are not authorized to perform this action. in C:\xampp\yii\framework\web\auth\CAccessControlFilter.php:183
Stack trace:
#0 C:\xampp\yii\framework\web\auth\CAccessControlFilter.php(145): CAccessControlFilter->accessDenied(Object(CWebUser), 'You are not aut...')
#1 C:\xampp\yii\framework\web\filters\CFilter.php(38): CAccessControlFilter->preFilter(Object(CFilterChain))
#2 C:\xampp\yii\framework\web\CController.php(1148): CFilter->filter(Object(CFilterChain))
#3 C:\xampp\yii\framework\web\filters\CInlineFilter.php(58): CController->filterAccessControl(Object(CFilterChain))
#4 C:\xampp\yii\framework\web\filters\CFilterChain.php(131): CInlineFilter->filter(Object(CFilterChain))
#5 C:\xampp\yii\framework\web\CController.php(291): CFilterChain->run()
#6 C:\xampp\yii\framework\web\CController.php(265): CController->runActionWithFilters(Object(CInlineAction), Array)
#7 C:\xampp\yii\framework\web\CWebApplication.php(282): CController->run('getKotaByProvin...')
#8 C:\xampp\yii\framework\web\CWebApplication.php(141): CWebApplication->runController('masterWilayah/g...')
#9 C:\xampp\yii\framework\base\CApplication.php(185): CWebApplication->processRequest()
#10 C:\xampp\htdocs\sistem-informasi-klinik\index.php(13): CApplication->run()
#11 {main}
REQUEST_URI=/sistem-informasi-klinik/index.php?r=masterWilayah/getKotaByProvinsi
HTTP_REFERER=http://localhost/sistem-informasi-klinik/index.php?r=masterWilayah/create
---
2024/06/05 01:08:32 [error] [exception.CHttpException.403] CHttpException: You are not authorized to perform this action. in C:\xampp\yii\framework\web\auth\CAccessControlFilter.php:183
Stack trace:
#0 C:\xampp\yii\framework\web\auth\CAccessControlFilter.php(145): CAccessControlFilter->accessDenied(Object(CWebUser), 'You are not aut...')
#1 C:\xampp\yii\framework\web\filters\CFilter.php(38): CAccessControlFilter->preFilter(Object(CFilterChain))
#2 C:\xampp\yii\framework\web\CController.php(1148): CFilter->filter(Object(CFilterChain))
#3 C:\xampp\yii\framework\web\filters\CInlineFilter.php(58): CController->filterAccessControl(Object(CFilterChain))
#4 C:\xampp\yii\framework\web\filters\CFilterChain.php(131): CInlineFilter->filter(Object(CFilterChain))
#5 C:\xampp\yii\framework\web\CController.php(291): CFilterChain->run()
#6 C:\xampp\yii\framework\web\CController.php(265): CController->runActionWithFilters(Object(CInlineAction), Array)
#7 C:\xampp\yii\framework\web\CWebApplication.php(282): CController->run('getKotaByProvin...')
#8 C:\xampp\yii\framework\web\CWebApplication.php(141): CWebApplication->runController('masterWilayah/g...')
#9 C:\xampp\yii\framework\base\CApplication.php(185): CWebApplication->processRequest()
#10 C:\xampp\htdocs\sistem-informasi-klinik\index.php(13): CApplication->run()
#11 {main}
REQUEST_URI=/sistem-informasi-klinik/index.php?r=masterWilayah/getKotaByProvinsi
HTTP_REFERER=http://localhost/sistem-informasi-klinik/index.php?r=masterWilayah/create
---
2024/06/05 01:08:54 [error] [exception.CHttpException.403] CHttpException: You are not authorized to perform this action. in C:\xampp\yii\framework\web\auth\CAccessControlFilter.php:183
Stack trace:
#0 C:\xampp\yii\framework\web\auth\CAccessControlFilter.php(145): CAccessControlFilter->accessDenied(Object(CWebUser), 'You are not aut...')
#1 C:\xampp\yii\framework\web\filters\CFilter.php(38): CAccessControlFilter->preFilter(Object(CFilterChain))
#2 C:\xampp\yii\framework\web\CController.php(1148): CFilter->filter(Object(CFilterChain))
#3 C:\xampp\yii\framework\web\filters\CInlineFilter.php(58): CController->filterAccessControl(Object(CFilterChain))
#4 C:\xampp\yii\framework\web\filters\CFilterChain.php(131): CInlineFilter->filter(Object(CFilterChain))
#5 C:\xampp\yii\framework\web\CController.php(291): CFilterChain->run()
#6 C:\xampp\yii\framework\web\CController.php(265): CController->runActionWithFilters(Object(CInlineAction), Array)
#7 C:\xampp\yii\framework\web\CWebApplication.php(282): CController->run('getKotaByProvin...')
#8 C:\xampp\yii\framework\web\CWebApplication.php(141): CWebApplication->runController('masterWilayah/g...')
#9 C:\xampp\yii\framework\base\CApplication.php(185): CWebApplication->processRequest()
#10 C:\xampp\htdocs\sistem-informasi-klinik\index.php(13): CApplication->run()
#11 {main}
REQUEST_URI=/sistem-informasi-klinik/index.php?r=masterWilayah/getKotaByProvinsi
HTTP_REFERER=http://localhost/sistem-informasi-klinik/index.php?r=masterWilayah/create
---
2024/06/05 01:08:57 [error] [exception.CHttpException.403] CHttpException: You are not authorized to perform this action. in C:\xampp\yii\framework\web\auth\CAccessControlFilter.php:183
Stack trace:
#0 C:\xampp\yii\framework\web\auth\CAccessControlFilter.php(145): CAccessControlFilter->accessDenied(Object(CWebUser), 'You are not aut...')
#1 C:\xampp\yii\framework\web\filters\CFilter.php(38): CAccessControlFilter->preFilter(Object(CFilterChain))
#2 C:\xampp\yii\framework\web\CController.php(1148): CFilter->filter(Object(CFilterChain))
#3 C:\xampp\yii\framework\web\filters\CInlineFilter.php(58): CController->filterAccessControl(Object(CFilterChain))
#4 C:\xampp\yii\framework\web\filters\CFilterChain.php(131): CInlineFilter->filter(Object(CFilterChain))
#5 C:\xampp\yii\framework\web\CController.php(291): CFilterChain->run()
#6 C:\xampp\yii\framework\web\CController.php(265): CController->runActionWithFilters(Object(CInlineAction), Array)
#7 C:\xampp\yii\framework\web\CWebApplication.php(282): CController->run('getKotaByProvin...')
#8 C:\xampp\yii\framework\web\CWebApplication.php(141): CWebApplication->runController('masterWilayah/g...')
#9 C:\xampp\yii\framework\base\CApplication.php(185): CWebApplication->processRequest()
#10 C:\xampp\htdocs\sistem-informasi-klinik\index.php(13): CApplication->run()
#11 {main}
REQUEST_URI=/sistem-informasi-klinik/index.php?r=masterWilayah/getKotaByProvinsi
HTTP_REFERER=http://localhost/sistem-informasi-klinik/index.php?r=masterWilayah/create
---
2024/06/05 01:15:19 [error] [exception.CHttpException.403] CHttpException: You are not authorized to perform this action. in C:\xampp\yii\framework\web\auth\CAccessControlFilter.php:183
Stack trace:
#0 C:\xampp\yii\framework\web\auth\CAccessControlFilter.php(145): CAccessControlFilter->accessDenied(Object(CWebUser), 'You are not aut...')
#1 C:\xampp\yii\framework\web\filters\CFilter.php(38): CAccessControlFilter->preFilter(Object(CFilterChain))
#2 C:\xampp\yii\framework\web\CController.php(1148): CFilter->filter(Object(CFilterChain))
#3 C:\xampp\yii\framework\web\filters\CInlineFilter.php(58): CController->filterAccessControl(Object(CFilterChain))
#4 C:\xampp\yii\framework\web\filters\CFilterChain.php(131): CInlineFilter->filter(Object(CFilterChain))
#5 C:\xampp\yii\framework\web\CController.php(291): CFilterChain->run()
#6 C:\xampp\yii\framework\web\CController.php(265): CController->runActionWithFilters(Object(CInlineAction), Array)
#7 C:\xampp\yii\framework\web\CWebApplication.php(282): CController->run('getKotaByProvin...')
#8 C:\xampp\yii\framework\web\CWebApplication.php(141): CWebApplication->runController('masterWilayah/g...')
#9 C:\xampp\yii\framework\base\CApplication.php(185): CWebApplication->processRequest()
#10 C:\xampp\htdocs\sistem-informasi-klinik\index.php(13): CApplication->run()
#11 {main}
REQUEST_URI=/sistem-informasi-klinik/index.php?r=masterWilayah/getKotaByProvinsi
HTTP_REFERER=http://localhost/sistem-informasi-klinik/index.php?r=masterWilayah/create
---
2024/06/05 01:17:48 [error] [exception.CHttpException.403] CHttpException: You are not authorized to perform this action. in C:\xampp\yii\framework\web\auth\CAccessControlFilter.php:183
Stack trace:
#0 C:\xampp\yii\framework\web\auth\CAccessControlFilter.php(145): CAccessControlFilter->accessDenied(Object(CWebUser), 'You are not aut...')
#1 C:\xampp\yii\framework\web\filters\CFilter.php(38): CAccessControlFilter->preFilter(Object(CFilterChain))
#2 C:\xampp\yii\framework\web\CController.php(1148): CFilter->filter(Object(CFilterChain))
#3 C:\xampp\yii\framework\web\filters\CInlineFilter.php(58): CController->filterAccessControl(Object(CFilterChain))
#4 C:\xampp\yii\framework\web\filters\CFilterChain.php(131): CInlineFilter->filter(Object(CFilterChain))
#5 C:\xampp\yii\framework\web\CController.php(291): CFilterChain->run()
#6 C:\xampp\yii\framework\web\CController.php(265): CController->runActionWithFilters(Object(CInlineAction), Array)
#7 C:\xampp\yii\framework\web\CWebApplication.php(282): CController->run('getKotaByProvin...')
#8 C:\xampp\yii\framework\web\CWebApplication.php(141): CWebApplication->runController('masterWilayah/g...')
#9 C:\xampp\yii\framework\base\CApplication.php(185): CWebApplication->processRequest()
#10 C:\xampp\htdocs\sistem-informasi-klinik\index.php(13): CApplication->run()
#11 {main}
REQUEST_URI=/sistem-informasi-klinik/index.php?r=masterWilayah/getKotaByProvinsi
HTTP_REFERER=http://localhost/sistem-informasi-klinik/index.php?r=masterWilayah/create
---
2024/06/05 01:17:50 [error] [exception.CHttpException.403] CHttpException: You are not authorized to perform this action. in C:\xampp\yii\framework\web\auth\CAccessControlFilter.php:183
Stack trace:
#0 C:\xampp\yii\framework\web\auth\CAccessControlFilter.php(145): CAccessControlFilter->accessDenied(Object(CWebUser), 'You are not aut...')
#1 C:\xampp\yii\framework\web\filters\CFilter.php(38): CAccessControlFilter->preFilter(Object(CFilterChain))
#2 C:\xampp\yii\framework\web\CController.php(1148): CFilter->filter(Object(CFilterChain))
#3 C:\xampp\yii\framework\web\filters\CInlineFilter.php(58): CController->filterAccessControl(Object(CFilterChain))
#4 C:\xampp\yii\framework\web\filters\CFilterChain.php(131): CInlineFilter->filter(Object(CFilterChain))
#5 C:\xampp\yii\framework\web\CController.php(291): CFilterChain->run()
#6 C:\xampp\yii\framework\web\CController.php(265): CController->runActionWithFilters(Object(CInlineAction), Array)
#7 C:\xampp\yii\framework\web\CWebApplication.php(282): CController->run('getKotaByProvin...')
#8 C:\xampp\yii\framework\web\CWebApplication.php(141): CWebApplication->runController('masterWilayah/g...')
#9 C:\xampp\yii\framework\base\CApplication.php(185): CWebApplication->processRequest()
#10 C:\xampp\htdocs\sistem-informasi-klinik\index.php(13): CApplication->run()
#11 {main}
REQUEST_URI=/sistem-informasi-klinik/index.php?r=masterWilayah/getKotaByProvinsi
HTTP_REFERER=http://localhost/sistem-informasi-klinik/index.php?r=masterWilayah/create
---
2024/06/05 01:23:27 [error] [exception.CHttpException.403] CHttpException: You are not authorized to perform this action. in C:\xampp\yii\framework\web\auth\CAccessControlFilter.php:183
Stack trace:
#0 C:\xampp\yii\framework\web\auth\CAccessControlFilter.php(145): CAccessControlFilter->accessDenied(Object(CWebUser), 'You are not aut...')
#1 C:\xampp\yii\framework\web\filters\CFilter.php(38): CAccessControlFilter->preFilter(Object(CFilterChain))
#2 C:\xampp\yii\framework\web\CController.php(1148): CFilter->filter(Object(CFilterChain))
#3 C:\xampp\yii\framework\web\filters\CInlineFilter.php(58): CController->filterAccessControl(Object(CFilterChain))
#4 C:\xampp\yii\framework\web\filters\CFilterChain.php(131): CInlineFilter->filter(Object(CFilterChain))
#5 C:\xampp\yii\framework\web\CController.php(291): CFilterChain->run()
#6 C:\xampp\yii\framework\web\CController.php(265): CController->runActionWithFilters(Object(CInlineAction), Array)
#7 C:\xampp\yii\framework\web\CWebApplication.php(282): CController->run('getKotaByProvin...')
#8 C:\xampp\yii\framework\web\CWebApplication.php(141): CWebApplication->runController('masterWilayah/g...')
#9 C:\xampp\yii\framework\base\CApplication.php(185): CWebApplication->processRequest()
#10 C:\xampp\htdocs\sistem-informasi-klinik\index.php(13): CApplication->run()
#11 {main}
REQUEST_URI=/sistem-informasi-klinik/index.php?r=masterWilayah/getKotaByProvinsi
HTTP_REFERER=http://localhost/sistem-informasi-klinik/index.php?r=masterWilayah/create
---
2024/06/05 01:23:30 [error] [exception.CHttpException.403] CHttpException: You are not authorized to perform this action. in C:\xampp\yii\framework\web\auth\CAccessControlFilter.php:183
Stack trace:
#0 C:\xampp\yii\framework\web\auth\CAccessControlFilter.php(145): CAccessControlFilter->accessDenied(Object(CWebUser), 'You are not aut...')
#1 C:\xampp\yii\framework\web\filters\CFilter.php(38): CAccessControlFilter->preFilter(Object(CFilterChain))
#2 C:\xampp\yii\framework\web\CController.php(1148): CFilter->filter(Object(CFilterChain))
#3 C:\xampp\yii\framework\web\filters\CInlineFilter.php(58): CController->filterAccessControl(Object(CFilterChain))
#4 C:\xampp\yii\framework\web\filters\CFilterChain.php(131): CInlineFilter->filter(Object(CFilterChain))
#5 C:\xampp\yii\framework\web\CController.php(291): CFilterChain->run()
#6 C:\xampp\yii\framework\web\CController.php(265): CController->runActionWithFilters(Object(CInlineAction), Array)
#7 C:\xampp\yii\framework\web\CWebApplication.php(282): CController->run('getKotaByProvin...')
#8 C:\xampp\yii\framework\web\CWebApplication.php(141): CWebApplication->runController('masterWilayah/g...')
#9 C:\xampp\yii\framework\base\CApplication.php(185): CWebApplication->processRequest()
#10 C:\xampp\htdocs\sistem-informasi-klinik\index.php(13): CApplication->run()
#11 {main}
REQUEST_URI=/sistem-informasi-klinik/index.php?r=masterWilayah/getKotaByProvinsi
HTTP_REFERER=http://localhost/sistem-informasi-klinik/index.php?r=masterWilayah/create
---
2024/06/05 01:27:49 [error] [exception.CHttpException.403] CHttpException: You are not authorized to perform this action. in C:\xampp\yii\framework\web\auth\CAccessControlFilter.php:183
Stack trace:
#0 C:\xampp\yii\framework\web\auth\CAccessControlFilter.php(145): CAccessControlFilter->accessDenied(Object(CWebUser), 'You are not aut...')
#1 C:\xampp\yii\framework\web\filters\CFilter.php(38): CAccessControlFilter->preFilter(Object(CFilterChain))
#2 C:\xampp\yii\framework\web\CController.php(1148): CFilter->filter(Object(CFilterChain))
#3 C:\xampp\yii\framework\web\filters\CInlineFilter.php(58): CController->filterAccessControl(Object(CFilterChain))
#4 C:\xampp\yii\framework\web\filters\CFilterChain.php(131): CInlineFilter->filter(Object(CFilterChain))
#5 C:\xampp\yii\framework\web\CController.php(291): CFilterChain->run()
#6 C:\xampp\yii\framework\web\CController.php(265): CController->runActionWithFilters(Object(CInlineAction), Array)
#7 C:\xampp\yii\framework\web\CWebApplication.php(282): CController->run('getKotaByProvin...')
#8 C:\xampp\yii\framework\web\CWebApplication.php(141): CWebApplication->runController('masterWilayah/g...')
#9 C:\xampp\yii\framework\base\CApplication.php(185): CWebApplication->processRequest()
#10 C:\xampp\htdocs\sistem-informasi-klinik\index.php(13): CApplication->run()
#11 {main}
REQUEST_URI=/sistem-informasi-klinik/index.php?r=masterWilayah/getKotaByProvinsi
HTTP_REFERER=http://localhost/sistem-informasi-klinik/index.php?r=masterWilayah/create
---
2024/06/05 01:27:51 [error] [exception.CHttpException.403] CHttpException: You are not authorized to perform this action. in C:\xampp\yii\framework\web\auth\CAccessControlFilter.php:183
Stack trace:
#0 C:\xampp\yii\framework\web\auth\CAccessControlFilter.php(145): CAccessControlFilter->accessDenied(Object(CWebUser), 'You are not aut...')
#1 C:\xampp\yii\framework\web\filters\CFilter.php(38): CAccessControlFilter->preFilter(Object(CFilterChain))
#2 C:\xampp\yii\framework\web\CController.php(1148): CFilter->filter(Object(CFilterChain))
#3 C:\xampp\yii\framework\web\filters\CInlineFilter.php(58): CController->filterAccessControl(Object(CFilterChain))
#4 C:\xampp\yii\framework\web\filters\CFilterChain.php(131): CInlineFilter->filter(Object(CFilterChain))
#5 C:\xampp\yii\framework\web\CController.php(291): CFilterChain->run()
#6 C:\xampp\yii\framework\web\CController.php(265): CController->runActionWithFilters(Object(CInlineAction), Array)
#7 C:\xampp\yii\framework\web\CWebApplication.php(282): CController->run('getKotaByProvin...')
#8 C:\xampp\yii\framework\web\CWebApplication.php(141): CWebApplication->runController('masterWilayah/g...')
#9 C:\xampp\yii\framework\base\CApplication.php(185): CWebApplication->processRequest()
#10 C:\xampp\htdocs\sistem-informasi-klinik\index.php(13): CApplication->run()
#11 {main}
REQUEST_URI=/sistem-informasi-klinik/index.php?r=masterWilayah/getKotaByProvinsi
HTTP_REFERER=http://localhost/sistem-informasi-klinik/index.php?r=masterWilayah/create
---
2024/06/05 01:27:53 [error] [exception.CHttpException.403] CHttpException: You are not authorized to perform this action. in C:\xampp\yii\framework\web\auth\CAccessControlFilter.php:183
Stack trace:
#0 C:\xampp\yii\framework\web\auth\CAccessControlFilter.php(145): CAccessControlFilter->accessDenied(Object(CWebUser), 'You are not aut...')
#1 C:\xampp\yii\framework\web\filters\CFilter.php(38): CAccessControlFilter->preFilter(Object(CFilterChain))
#2 C:\xampp\yii\framework\web\CController.php(1148): CFilter->filter(Object(CFilterChain))
#3 C:\xampp\yii\framework\web\filters\CInlineFilter.php(58): CController->filterAccessControl(Object(CFilterChain))
#4 C:\xampp\yii\framework\web\filters\CFilterChain.php(131): CInlineFilter->filter(Object(CFilterChain))
#5 C:\xampp\yii\framework\web\CController.php(291): CFilterChain->run()
#6 C:\xampp\yii\framework\web\CController.php(265): CController->runActionWithFilters(Object(CInlineAction), Array)
#7 C:\xampp\yii\framework\web\CWebApplication.php(282): CController->run('getKotaByProvin...')
#8 C:\xampp\yii\framework\web\CWebApplication.php(141): CWebApplication->runController('masterWilayah/g...')
#9 C:\xampp\yii\framework\base\CApplication.php(185): CWebApplication->processRequest()
#10 C:\xampp\htdocs\sistem-informasi-klinik\index.php(13): CApplication->run()
#11 {main}
REQUEST_URI=/sistem-informasi-klinik/index.php?r=masterWilayah/getKotaByProvinsi
HTTP_REFERER=http://localhost/sistem-informasi-klinik/index.php?r=masterWilayah/create
---
2024/06/05 01:32:09 [error] [php] Undefined array key "provinsi_id" (C:\xampp\htdocs\sistem-informasi-klinik\protected\controllers\MasterWilayahController.php:122)
Stack trace:
#0 C:\xampp\yii\framework\web\actions\CInlineAction.php(49): MasterWilayahController->actionGetKotaByProvinsi()
#1 C:\xampp\yii\framework\web\CController.php(308): CInlineAction->runWithParams()
#2 C:\xampp\yii\framework\web\filters\CFilterChain.php(134): MasterWilayahController->runAction()
#3 C:\xampp\yii\framework\web\filters\CFilter.php(40): CFilterChain->run()
#4 C:\xampp\yii\framework\web\CController.php(1148): CAccessControlFilter->filter()
#5 C:\xampp\yii\framework\web\filters\CInlineFilter.php(58): MasterWilayahController->filterAccessControl()
#6 C:\xampp\yii\framework\web\filters\CFilterChain.php(131): CInlineFilter->filter()
#7 C:\xampp\yii\framework\web\CController.php(291): CFilterChain->run()
#8 C:\xampp\yii\framework\web\CController.php(265): MasterWilayahController->runActionWithFilters()
#9 C:\xampp\yii\framework\web\CWebApplication.php(282): MasterWilayahController->run()
#10 C:\xampp\yii\framework\web\CWebApplication.php(141): CWebApplication->runController()
#11 C:\xampp\yii\framework\base\CApplication.php(185): CWebApplication->processRequest()
#12 C:\xampp\htdocs\sistem-informasi-klinik\index.php(13): CWebApplication->run()
REQUEST_URI=/sistem-informasi-klinik/index.php?r=masterWilayah/getKotaByProvinsi
in C:\xampp\htdocs\sistem-informasi-klinik\protected\controllers\MasterWilayahController.php (122)
in C:\xampp\htdocs\sistem-informasi-klinik\index.php (13)
2024/06/05 01:33:36 [error] [php] Undefined array key "id_provinsi" (C:\xampp\htdocs\sistem-informasi-klinik\protected\controllers\MasterWilayahController.php:122)
Stack trace:
#0 C:\xampp\yii\framework\web\actions\CInlineAction.php(49): MasterWilayahController->actionGetKotaByProvinsi()
#1 C:\xampp\yii\framework\web\CController.php(308): CInlineAction->runWithParams()
#2 C:\xampp\yii\framework\web\filters\CFilterChain.php(134): MasterWilayahController->runAction()
#3 C:\xampp\yii\framework\web\filters\CFilter.php(40): CFilterChain->run()
#4 C:\xampp\yii\framework\web\CController.php(1148): CAccessControlFilter->filter()
#5 C:\xampp\yii\framework\web\filters\CInlineFilter.php(58): MasterWilayahController->filterAccessControl()
#6 C:\xampp\yii\framework\web\filters\CFilterChain.php(131): CInlineFilter->filter()
#7 C:\xampp\yii\framework\web\CController.php(291): CFilterChain->run()
#8 C:\xampp\yii\framework\web\CController.php(265): MasterWilayahController->runActionWithFilters()
#9 C:\xampp\yii\framework\web\CWebApplication.php(282): MasterWilayahController->run()
#10 C:\xampp\yii\framework\web\CWebApplication.php(141): CWebApplication->runController()
#11 C:\xampp\yii\framework\base\CApplication.php(185): CWebApplication->processRequest()
#12 C:\xampp\htdocs\sistem-informasi-klinik\index.php(13): CWebApplication->run()
REQUEST_URI=/sistem-informasi-klinik/index.php?r=masterWilayah/getKotaByProvinsi
in C:\xampp\htdocs\sistem-informasi-klinik\protected\controllers\MasterWilayahController.php (122)
in C:\xampp\htdocs\sistem-informasi-klinik\index.php (13)
2024/06/05 01:34:03 [error] [php] Undefined array key "provinsi_code" (C:\xampp\htdocs\sistem-informasi-klinik\protected\controllers\MasterWilayahController.php:122)
Stack trace:
#0 C:\xampp\yii\framework\web\actions\CInlineAction.php(49): MasterWilayahController->actionGetKotaByProvinsi()
#1 C:\xampp\yii\framework\web\CController.php(308): CInlineAction->runWithParams()
#2 C:\xampp\yii\framework\web\filters\CFilterChain.php(134): MasterWilayahController->runAction()
#3 C:\xampp\yii\framework\web\filters\CFilter.php(40): CFilterChain->run()
#4 C:\xampp\yii\framework\web\CController.php(1148): CAccessControlFilter->filter()
#5 C:\xampp\yii\framework\web\filters\CInlineFilter.php(58): MasterWilayahController->filterAccessControl()
#6 C:\xampp\yii\framework\web\filters\CFilterChain.php(131): CInlineFilter->filter()
#7 C:\xampp\yii\framework\web\CController.php(291): CFilterChain->run()
#8 C:\xampp\yii\framework\web\CController.php(265): MasterWilayahController->runActionWithFilters()
#9 C:\xampp\yii\framework\web\CWebApplication.php(282): MasterWilayahController->run()
#10 C:\xampp\yii\framework\web\CWebApplication.php(141): CWebApplication->runController()
#11 C:\xampp\yii\framework\base\CApplication.php(185): CWebApplication->processRequest()
#12 C:\xampp\htdocs\sistem-informasi-klinik\index.php(13): CWebApplication->run()
REQUEST_URI=/sistem-informasi-klinik/index.php?r=masterWilayah/getKotaByProvinsi
in C:\xampp\htdocs\sistem-informasi-klinik\protected\controllers\MasterWilayahController.php (122)
in C:\xampp\htdocs\sistem-informasi-klinik\index.php (13)
2024/06/05 01:34:18 [error] [php] Undefined array key "provinsi_id" (C:\xampp\htdocs\sistem-informasi-klinik\protected\controllers\MasterWilayahController.php:122)
Stack trace:
#0 C:\xampp\yii\framework\web\actions\CInlineAction.php(49): MasterWilayahController->actionGetKotaByProvinsi()
#1 C:\xampp\yii\framework\web\CController.php(308): CInlineAction->runWithParams()
#2 C:\xampp\yii\framework\web\filters\CFilterChain.php(134): MasterWilayahController->runAction()
#3 C:\xampp\yii\framework\web\filters\CFilter.php(40): CFilterChain->run()
#4 C:\xampp\yii\framework\web\CController.php(1148): CAccessControlFilter->filter()
#5 C:\xampp\yii\framework\web\filters\CInlineFilter.php(58): MasterWilayahController->filterAccessControl()
#6 C:\xampp\yii\framework\web\filters\CFilterChain.php(131): CInlineFilter->filter()
#7 C:\xampp\yii\framework\web\CController.php(291): CFilterChain->run()
#8 C:\xampp\yii\framework\web\CController.php(265): MasterWilayahController->runActionWithFilters()
#9 C:\xampp\yii\framework\web\CWebApplication.php(282): MasterWilayahController->run()
#10 C:\xampp\yii\framework\web\CWebApplication.php(141): CWebApplication->runController()
#11 C:\xampp\yii\framework\base\CApplication.php(185): CWebApplication->processRequest()
#12 C:\xampp\htdocs\sistem-informasi-klinik\index.php(13): CWebApplication->run()
REQUEST_URI=/sistem-informasi-klinik/index.php?r=masterWilayah/getKotaByProvinsi
in C:\xampp\htdocs\sistem-informasi-klinik\protected\controllers\MasterWilayahController.php (122)
in C:\xampp\htdocs\sistem-informasi-klinik\index.php (13)
2024/06/05 02:10:57 [error] [exception.CHttpException.403] CHttpException: You are not authorized to perform this action. in C:\xampp\yii\framework\web\auth\CAccessControlFilter.php:183
Stack trace:
#0 C:\xampp\yii\framework\web\auth\CAccessControlFilter.php(145): CAccessControlFilter->accessDenied(Object(CWebUser), 'You are not aut...')
#1 C:\xampp\yii\framework\web\filters\CFilter.php(38): CAccessControlFilter->preFilter(Object(CFilterChain))
#2 C:\xampp\yii\framework\web\CController.php(1148): CFilter->filter(Object(CFilterChain))
#3 C:\xampp\yii\framework\web\filters\CInlineFilter.php(58): CController->filterAccessControl(Object(CFilterChain))
#4 C:\xampp\yii\framework\web\filters\CFilterChain.php(131): CInlineFilter->filter(Object(CFilterChain))
#5 C:\xampp\yii\framework\web\CController.php(291): CFilterChain->run()
#6 C:\xampp\yii\framework\web\CController.php(265): CController->runActionWithFilters(Object(CInlineAction), Array)
#7 C:\xampp\yii\framework\web\CWebApplication.php(282): CController->run('getKecamatanByK...')
#8 C:\xampp\yii\framework\web\CWebApplication.php(141): CWebApplication->runController('masterWilayah/g...')
#9 C:\xampp\yii\framework\base\CApplication.php(185): CWebApplication->processRequest()
#10 C:\xampp\htdocs\sistem-informasi-klinik\index.php(13): CApplication->run()
#11 {main}
REQUEST_URI=/sistem-informasi-klinik/index.php?r=masterWilayah/getKecamatanByKota
HTTP_REFERER=http://localhost/sistem-informasi-klinik/index.php?r=masterWilayah/create
---
2024/06/05 02:10:59 [error] [exception.CHttpException.403] CHttpException: You are not authorized to perform this action. in C:\xampp\yii\framework\web\auth\CAccessControlFilter.php:183
Stack trace:
#0 C:\xampp\yii\framework\web\auth\CAccessControlFilter.php(145): CAccessControlFilter->accessDenied(Object(CWebUser), 'You are not aut...')
#1 C:\xampp\yii\framework\web\filters\CFilter.php(38): CAccessControlFilter->preFilter(Object(CFilterChain))
#2 C:\xampp\yii\framework\web\CController.php(1148): CFilter->filter(Object(CFilterChain))
#3 C:\xampp\yii\framework\web\filters\CInlineFilter.php(58): CController->filterAccessControl(Object(CFilterChain))
#4 C:\xampp\yii\framework\web\filters\CFilterChain.php(131): CInlineFilter->filter(Object(CFilterChain))
#5 C:\xampp\yii\framework\web\CController.php(291): CFilterChain->run()
#6 C:\xampp\yii\framework\web\CController.php(265): CController->runActionWithFilters(Object(CInlineAction), Array)
#7 C:\xampp\yii\framework\web\CWebApplication.php(282): CController->run('getKecamatanByK...')
#8 C:\xampp\yii\framework\web\CWebApplication.php(141): CWebApplication->runController('masterWilayah/g...')
#9 C:\xampp\yii\framework\base\CApplication.php(185): CWebApplication->processRequest()
#10 C:\xampp\htdocs\sistem-informasi-klinik\index.php(13): CApplication->run()
#11 {main}
REQUEST_URI=/sistem-informasi-klinik/index.php?r=masterWilayah/getKecamatanByKota
HTTP_REFERER=http://localhost/sistem-informasi-klinik/index.php?r=masterWilayah/create
---
2024/06/05 02:17:10 [error] [exception.CHttpException.403] CHttpException: You are not authorized to perform this action. in C:\xampp\yii\framework\web\auth\CAccessControlFilter.php:183
Stack trace:
#0 C:\xampp\yii\framework\web\auth\CAccessControlFilter.php(145): CAccessControlFilter->accessDenied(Object(CWebUser), 'You are not aut...')
#1 C:\xampp\yii\framework\web\filters\CFilter.php(38): CAccessControlFilter->preFilter(Object(CFilterChain))
#2 C:\xampp\yii\framework\web\CController.php(1148): CFilter->filter(Object(CFilterChain))
#3 C:\xampp\yii\framework\web\filters\CInlineFilter.php(58): CController->filterAccessControl(Object(CFilterChain))
#4 C:\xampp\yii\framework\web\filters\CFilterChain.php(131): CInlineFilter->filter(Object(CFilterChain))
#5 C:\xampp\yii\framework\web\CController.php(291): CFilterChain->run()
#6 C:\xampp\yii\framework\web\CController.php(265): CController->runActionWithFilters(Object(CInlineAction), Array)
#7 C:\xampp\yii\framework\web\CWebApplication.php(282): CController->run('getKelurahanByK...')
#8 C:\xampp\yii\framework\web\CWebApplication.php(141): CWebApplication->runController('masterWilayah/g...')
#9 C:\xampp\yii\framework\base\CApplication.php(185): CWebApplication->processRequest()
#10 C:\xampp\htdocs\sistem-informasi-klinik\index.php(13): CApplication->run()
#11 {main}
REQUEST_URI=/sistem-informasi-klinik/index.php?r=masterWilayah/getKelurahanByKecamatan
HTTP_REFERER=http://localhost/sistem-informasi-klinik/index.php?r=masterWilayah/create
---
2024/06/05 02:17:41 [error] [exception.CHttpException.403] CHttpException: You are not authorized to perform this action. in C:\xampp\yii\framework\web\auth\CAccessControlFilter.php:183
Stack trace:
#0 C:\xampp\yii\framework\web\auth\CAccessControlFilter.php(145): CAccessControlFilter->accessDenied(Object(CWebUser), 'You are not aut...')
#1 C:\xampp\yii\framework\web\filters\CFilter.php(38): CAccessControlFilter->preFilter(Object(CFilterChain))
#2 C:\xampp\yii\framework\web\CController.php(1148): CFilter->filter(Object(CFilterChain))
#3 C:\xampp\yii\framework\web\filters\CInlineFilter.php(58): CController->filterAccessControl(Object(CFilterChain))
#4 C:\xampp\yii\framework\web\filters\CFilterChain.php(131): CInlineFilter->filter(Object(CFilterChain))
#5 C:\xampp\yii\framework\web\CController.php(291): CFilterChain->run()
#6 C:\xampp\yii\framework\web\CController.php(265): CController->runActionWithFilters(Object(CInlineAction), Array)
#7 C:\xampp\yii\framework\web\CWebApplication.php(282): CController->run('getKelurahanByK...')
#8 C:\xampp\yii\framework\web\CWebApplication.php(141): CWebApplication->runController('masterWilayah/g...')
#9 C:\xampp\yii\framework\base\CApplication.php(185): CWebApplication->processRequest()
#10 C:\xampp\htdocs\sistem-informasi-klinik\index.php(13): CApplication->run()
#11 {main}
REQUEST_URI=/sistem-informasi-klinik/index.php?r=masterWilayah/getKelurahanByKecamatan
HTTP_REFERER=http://localhost/sistem-informasi-klinik/index.php?r=masterWilayah/create
---
